#
# A fatal error has been detected by the Java Runtime Environment:
#
#  EXCEPTION_ACCESS_VIOLATION (0xc0000005) at pc=0x6d0b6b30, pid=5440, tid=6716
#
# JRE version: 6.0_22-b04
# Java VM: Java HotSpot(TM) Client VM (17.1-b03 mixed mode windows-x86 )
# Problematic frame:
# C  [awt.dll+0xb6b30]
#
# If you would like to submit a bug report, please visit:
#   http://java.sun.com/webapps/bugreport/crash.jsp
# The crash happened outside the Java Virtual Machine in native code.
# See problematic frame for where to report the bug.
#

---------------  T H R E A D  ---------------

Current thread (0x004fa000):  JavaThread "AWT-Windows" daemon [_thread_in_native, id=6716, stack(0x18f60000,0x18fb0000)]

siginfo: ExceptionCode=0xc0000005, reading address 0x00000000

Registers:
EAX=0x18fafa78, EBX=0x18b56698, ECX=0x000003a8, EDX=0x00000180
ESP=0x18fafa60, EBP=0x769c1420, ESI=0x00000000, EDI=0x00000180
EIP=0x6d0b6b30, EFLAGS=0x00010202

Top of Stack: (sp=0x18fafa60)
0x18fafa60:   18fafa78 00001000 00000000 18afabb8
0x18fafa70:   00000001 18fafa68 18fafa6c 6d0ae4fd
0x18fafa80:   00000000 00000000 18afabb8 6d0ae5ca
0x18fafa90:   00000000 18afabb8 00000001 6d0ae6ce
0x18fafaa0:   18afabb8 6d063812 004c43e0 00000000
0x18fafab0:   6d0b0630 00000001 6d102f58 6d102940
0x18fafac0:   004c43e0 6d0b1a32 6d102f50 6d0b1c19
0x18fafad0:   6d09a4b3 00000000 00001a3c 00000000 

Instructions: (pc=0x6d0b6b30)
0x6d0b6b20:   05 00 20 00 00 50 c1 e2 05 8d 44 24 14 50 8b fa
0x6d0b6b30:   8b 16 57 c1 e1 05 51 56 ff 52 2c 85 c0 0f 8c 93 


Stack: [0x18f60000,0x18fb0000],  sp=0x18fafa60,  free space=13e18faf3c8k
Native frames: (J=compiled Java code, j=interpreted, Vv=VM code, C=native code)
C  [awt.dll+0xb6b30]

Java frames: (J=compiled Java code, j=interpreted, Vv=VM code)
j  sun.awt.windows.WToolkit.eventLoop()V+0
j  sun.awt.windows.WToolkit.run()V+52
j  java.lang.Thread.run()V+11
v  ~StubRoutines::call_stub

---------------  P R O C E S S  ---------------

Java Threads: ( => current thread )
  0x004fd000 JavaThread "Thread-1" daemon [_thread_in_native, id=8356, stack(0x19110000,0x19160000)]
  0x004fbc00 JavaThread "TimerQueue" daemon [_thread_blocked, id=8860, stack(0x1d2e0000,0x1d330000)]
  0x004fb000 JavaThread "DestroyJavaVM" [_thread_blocked, id=6848, stack(0x00230000,0x00280000)]
  0x004fac00 JavaThread "AWT-EventQueue-0" [_thread_blocked, id=9724, stack(0x1beb0000,0x1bf00000)]
  0x004fa400 JavaThread "Abandoned connection cleanup thread" daemon [_thread_blocked, id=2356, stack(0x19400000,0x19450000)]
=>0x004fa000 JavaThread "AWT-Windows" daemon [_thread_in_native, id=6716, stack(0x18f60000,0x18fb0000)]
  0x004f9800 JavaThread "AWT-Shutdown" [_thread_blocked, id=3776, stack(0x18ed0000,0x18f20000)]
  0x004f9400 JavaThread "Java2D Disposer" daemon [_thread_blocked, id=6536, stack(0x18e40000,0x18e90000)]
  0x004f8c00 JavaThread "Low Memory Detector" daemon [_thread_blocked, id=9560, stack(0x188f0000,0x18940000)]
  0x00503400 JavaThread "CompilerThread0" daemon [_thread_blocked, id=9412, stack(0x18860000,0x188b0000)]
  0x004f8800 JavaThread "Attach Listener" daemon [_thread_blocked, id=9892, stack(0x187d0000,0x18820000)]
  0x004f8000 JavaThread "Signal Dispatcher" daemon [_thread_blocked, id=3164, stack(0x18740000,0x18790000)]
  0x004ca800 JavaThread "Finalizer" daemon [_thread_blocked, id=7180, stack(0x186b0000,0x18700000)]
  0x004c6000 JavaThread "Reference Handler" daemon [_thread_blocked, id=1276, stack(0x18620000,0x18670000)]

Other Threads:
  0x004c3000 VMThread [stack: 0x18590000,0x185e0000] [id=9760]
  0x00513400 WatcherThread [stack: 0x18980000,0x189d0000] [id=5708]

VM state:not at safepoint (normal execution)

VM Mutex/Monitor currently owned by a thread: None

Heap
 def new generation   total 4928K, used 2604K [0x04550000, 0x04aa0000, 0x09aa0000)
  eden space 4416K,  49% used [0x04550000, 0x04776de8, 0x049a0000)
  from space 512K,  78% used [0x04a20000, 0x04a843a8, 0x04aa0000)
  to   space 512K,   0% used [0x049a0000, 0x049a0000, 0x04a20000)
 tenured generation   total 10944K, used 1556K [0x09aa0000, 0x0a550000, 0x14550000)
   the space 10944K,  14% used [0x09aa0000, 0x09c25028, 0x09c25200, 0x0a550000)
 compacting perm gen  total 12288K, used 11220K [0x14550000, 0x15150000, 0x18550000)
   the space 12288K,  91% used [0x14550000, 0x15045150, 0x15045200, 0x15150000)
No shared spaces configured.

Dynamic libraries:
0x00400000 - 0x00424000 	C:\Program Files (x86)\Java\jre6\bin\javaw.exe
0x77c10000 - 0x77d90000 	C:\Windows\SysWOW64\ntdll.dll
0x769b0000 - 0x76ac0000 	C:\Windows\syswow64\kernel32.dll
0x76930000 - 0x76977000 	C:\Windows\syswow64\KERNELBASE.dll
0x75b00000 - 0x75ba0000 	C:\Windows\syswow64\ADVAPI32.dll
0x765e0000 - 0x7668c000 	C:\Windows\syswow64\msvcrt.dll
0x75e00000 - 0x75e19000 	C:\Windows\SysWOW64\sechost.dll
0x75850000 - 0x75940000 	C:\Windows\syswow64\RPCRT4.dll
0x75670000 - 0x756d0000 	C:\Windows\syswow64\SspiCli.dll
0x75660000 - 0x7566c000 	C:\Windows\syswow64\CRYPTBASE.dll
0x75730000 - 0x75830000 	C:\Windows\syswow64\USER32.dll
0x77780000 - 0x77810000 	C:\Windows\syswow64\GDI32.dll
0x75840000 - 0x7584a000 	C:\Windows\syswow64\LPK.dll
0x75d60000 - 0x75dfd000 	C:\Windows\syswow64\USP10.dll
0x756d0000 - 0x75730000 	C:\Windows\system32\IMM32.DLL
0x75f30000 - 0x75ffc000 	C:\Windows\syswow64\MSCTF.dll
0x7c340000 - 0x7c396000 	C:\Program Files (x86)\Java\jre6\bin\msvcr71.dll
0x6d7f0000 - 0x6da97000 	C:\Program Files (x86)\Java\jre6\bin\client\jvm.dll
0x734c0000 - 0x734f2000 	C:\Windows\system32\WINMM.dll
0x72090000 - 0x720dc000 	C:\Windows\system32\apphelp.dll
0x6d7a0000 - 0x6d7ac000 	C:\Program Files (x86)\Java\jre6\bin\verify.dll
0x6d320000 - 0x6d33f000 	C:\Program Files (x86)\Java\jre6\bin\java.dll
0x6d280000 - 0x6d288000 	C:\Program Files (x86)\Java\jre6\bin\hpi.dll
0x75d40000 - 0x75d45000 	C:\Windows\syswow64\PSAPI.DLL
0x6d7e0000 - 0x6d7ef000 	C:\Program Files (x86)\Java\jre6\bin\zip.dll
0x6d000000 - 0x6d14a000 	C:\Program Files (x86)\Java\jre6\bin\awt.dll
0x71260000 - 0x712b1000 	C:\Windows\system32\WINSPOOL.DRV
0x76250000 - 0x763ac000 	C:\Windows\syswow64\ole32.dll
0x72e70000 - 0x7300e000 	C:\Windows\WinSxS\x86_microsoft.windows.common-controls_6595b64144ccf1df_6.0.7601.17514_none_41e6975e2bd6f2b2\COMCTL32.dll
0x76ac0000 - 0x76b17000 	C:\Windows\syswow64\SHLWAPI.dll
0x6ffd0000 - 0x6ffe3000 	C:\Windows\system32\DWMAPI.DLL
0x70dd0000 - 0x70e50000 	C:\Windows\system32\uxtheme.dll
0x76b30000 - 0x7777a000 	C:\Windows\syswow64\shell32.dll
0x6d230000 - 0x6d27f000 	C:\Program Files (x86)\Java\jre6\bin\fontmanager.dll
0x6d600000 - 0x6d613000 	C:\Program Files (x86)\Java\jre6\bin\net.dll
0x75be0000 - 0x75c15000 	C:\Windows\syswow64\WS2_32.dll
0x76700000 - 0x76706000 	C:\Windows\syswow64\NSI.dll
0x73af0000 - 0x73b2c000 	C:\Windows\system32\mswsock.dll
0x73850000 - 0x73856000 	C:\Windows\System32\wship6.dll
0x73ae0000 - 0x73ae5000 	C:\Windows\System32\wshtcpip.dll
0x72210000 - 0x72254000 	C:\Windows\system32\DNSAPI.dll
0x71640000 - 0x71667000 	C:\Program Files (x86)\Common Files\Microsoft Shared\Windows Live\WLIDNSP.DLL
0x71600000 - 0x71621000 	C:\Program Files (x86)\Bonjour\mdnsNSP.dll
0x73830000 - 0x7384c000 	C:\Windows\system32\Iphlpapi.DLL
0x73820000 - 0x73827000 	C:\Windows\system32\WINNSI.DLL
0x71510000 - 0x71516000 	C:\Windows\system32\rasadhlp.dll
0x737b0000 - 0x737e8000 	C:\Windows\System32\fwpuclnt.dll
0x69dd0000 - 0x69f93000 	C:\Windows\system32\d3d9.dll
0x73ec0000 - 0x73ec9000 	C:\Windows\system32\VERSION.dll
0x75510000 - 0x75516000 	C:\Windows\system32\d3d8thk.dll
0x64d90000 - 0x65736000 	C:\Windows\system32\nvd3dum.dll
0x70e70000 - 0x70e95000 	C:\Windows\system32\powrprof.dll
0x76440000 - 0x765dd000 	C:\Windows\syswow64\SETUPAPI.dll
0x76190000 - 0x761b7000 	C:\Windows\syswow64\CFGMGR32.dll
0x75ea0000 - 0x75f2f000 	C:\Windows\syswow64\OLEAUT32.dll
0x76710000 - 0x76722000 	C:\Windows\syswow64\DEVOBJ.dll
0x761c0000 - 0x76243000 	C:\Windows\syswow64\CLBCatQ.DLL
0x6d620000 - 0x6d629000 	C:\Program Files (x86)\Java\jre6\bin\nio.dll

VM Arguments:
jvm_args: -Dfile.encoding=Cp1252 
java_command: main.HomeScreen
Launcher Type: SUN_STANDARD

Environment Variables:
CLASSPATH=C:\Program Files\Java\jdk1.7.0_25\jre\lib;.;E:\thread_kpc\bin\test;E:\thread_kpc\bin\graph;E:\thread_kpc\bin\track;E:\thread_kpc\bin\kcc;E:\thread_kpc\bin\matrix;C:\Program Files\Java\jdk1.7.0_25\jre\lib;C:\Program Files\Java\jdk1.7.0_25\jre\lib\classes12.zip
PATH=C:\app\Govardhan\product\11.1.0\db_1\bin;C:\Program Files\Common Files\Microsoft Shared\Windows Live;C:\Program Files (x86)\Common Files\Microsoft Shared\Windows Live;C:\Program Files (x86)\NVIDIA Corporation\PhysX\Common;C:\Windows\system32;C:\Windows;C:\Windows\System32\Wbem;C:\Windows\System32\WindowsPowerShell\v1.0\;C:\Program Files (x86)\Sony\VAIO Startup Setting Tool;;C:\Program Files (x86)\Windows Live\Shared;C:\Program Files (x86)\Windows Kits\8.1\Windows Performance Toolkit\;C:\Program Files\Microsoft SQL Server\110\Tools\Binn\;C:\Program Files (x86)\Microsoft SDKs\TypeScript\;C:\Program Files (x86)\SSH Communications Security\SSH Secure Shell;C:\Program Files\Java\jdk1.7.0_25\bin;c:\mpj\bin;
USERNAME=Govardhan
OS=Windows_NT
PROCESSOR_IDENTIFIER=Intel64 Family 6 Model 42 Stepping 7, GenuineIntel



---------------  S Y S T E M  ---------------

OS: Windows 7 Build 7601 Service Pack 1

CPU:total 4 (8 cores per cpu, 2 threads per core) family 6 model 42 stepping 7, cmov, cx8, fxsr, mmx, sse, sse2, sse3, ssse3, sse4.1, sse4.2, popcnt, ht

Memory: 4k page, physical 4175728k(1356928k free), swap 8349592k(2749956k free)

vm_info: Java HotSpot(TM) Client VM (17.1-b03) for windows-x86 JRE (1.6.0_22-b04), built on Sep 15 2010 00:56:36 by "java_re" with MS VC++ 7.1 (VS2003)

time: Fri Nov 29 11:26:47 2013
elapsed time: 863 seconds

